[2024-09-10T12:48:52.283539+02:00] ipt10.WARNING: Samantha Ticsay [] []
[2024-09-10T12:48:52.284895+02:00] ipt10.ERROR: samantha.jane@example.com [] []
[2024-09-10T12:48:52.284955+02:00] ipt10.INFO: profile {"student_number":"12345","college":"Computer Studies","program":"Information Technology","university":"Angeles University Foundation"} []
[2024-09-10T12:48:52.285673+02:00] ipt10.INFO: data [100,345,4563,65,234,6734,-99] []
[2024-09-10T12:48:52.285760+02:00] ipt10.INFO: object {"greeting":"Greetings to Samantha","average":1706,"largest":6734,"smallest":-99} []
[2024-09-10T13:15:18.713337+02:00] ipt10.WARNING: Samantha Ticsay [] []
[2024-09-10T13:15:18.714642+02:00] ipt10.ERROR: samantha.jane@example.com [] []
[2024-09-10T13:15:18.714675+02:00] ipt10.INFO: profile {"student_number":"12345","college":"Computer Studies","program":"Information Technology","university":"Angeles University Foundation"} []
[2024-09-10T13:15:18.714723+02:00] ipt10.INFO: data [100,345,4563,65,234,6734,-99] []
[2024-09-10T13:15:18.714754+02:00] ipt10.INFO: object {"greeting":"Greetings to Samantha","average":1706,"largest":6734,"smallest":-99} []
[2024-09-10T13:15:18.721629+02:00] ipt10.WARNING: Samantha Ticsay [] []
[2024-09-10T13:15:18.723231+02:00] ipt10.ERROR: samantha.jane@example.com [] []
[2024-09-10T13:15:18.723301+02:00] ipt10.INFO: profile {"student_number":"12345","college":"Computer Studies","program":"Information Technology","university":"Angeles University Foundation"} []
[2024-09-10T13:15:18.723389+02:00] ipt10.INFO: data [100,345,4563,65,234,6734,-99] []
[2024-09-10T13:15:18.723445+02:00] ipt10.INFO: object {"greeting":"Greetings to Samantha","average":1706,"largest":6734,"smallest":-99} []
[2024-09-10T13:15:57.882211+02:00] ipt10.WARNING: Samantha Ticsay [] []
[2024-09-10T13:15:57.883211+02:00] ipt10.ERROR: samantha.jane@example.com [] []
[2024-09-10T13:15:57.883250+02:00] ipt10.INFO: profile {"student_number":"12345","college":"Computer Studies","program":"Information Technology","university":"Angeles University Foundation"} []
[2024-09-10T13:15:57.883293+02:00] ipt10.INFO: data [100,345,4563,65,234,6734,-99] []
[2024-09-10T13:15:57.883324+02:00] ipt10.INFO: object {"greeting":"Greetings to Samantha","average":1706,"largest":6734,"smallest":-99} []
